

overlap     p_query p_match avg_abund
---------   ------- ------- ---------
9.0 Mbp        0.8%   97.6%       6.8    GCF_000013645.1 Paraburkholderia xen...
7.9 Mbp        2.6%   99.9%      25.1    GCF_000009705.1 Nostoc sp. PCC 7120 ...
6.8 Mbp        8.6%  100.0%      94.1    GCF_000196115.1 Rhodopirellula balti...
6.3 Mbp        1.4%  100.0%      16.1    GCA_000018565.1 Herpetosiphon aurant...
6.2 Mbp        1.5%   99.8%      17.7    GCF_000011065.1 Bacteroides thetaiot...
5.5 Mbp        0.9%   99.5%      11.8    GCF_000021665.1 Shewanella baltica O...
5.3 Mbp        0.8%   97.1%      11.1    GCF_000195675.1 Bordetella bronchise...
5.3 Mbp        1.0%  100.0%      13.7    GCF_000007345.1 Methanosarcina aceti...
5.2 Mbp        1.8%  100.0%      25.3    GCF_000018865.1 Chloroflexus auranti...
5.2 Mbp        0.9%   99.2%      13.6    GCF_000012825.1 Bacteroides vulgatus...
5.0 Mbp        1.2%   98.6%      18.5    GCF_000019785.1 Leptothrix cholodnii...
4.9 Mbp        1.0%   99.2%      15.1    GCF_000016425.1 Salinispora tropica ...
4.8 Mbp        0.6%   98.4%       9.6    GCF_000011965.2 Ruegeria pomeroyi DS...
4.5 Mbp        3.7%  100.0%      61.5    GCF_000010305.1 Gemmatimonas auranti...
4.7 Mbp        0.8%   75.8%      13.6    GCF_000375065.1 Salinispora arenicol...
4.3 Mbp        3.1%  100.0%      54.9    GCF_000022565.1 Acidobacterium capsu...
3.9 Mbp        4.4%   99.2%      85.1    GCF_000152645.1 Sulfitobacter sp. NA...
3.7 Mbp        1.3%  100.0%      26.8    GCF_000015865.1 Hungateiclostridium ...
3.7 Mbp        1.0%   98.9%      19.2    GCF_000025685.1 Haloferax volcanii D...
3.6 Mbp        2.6%   99.7%      52.7    GCF_019904315.1 Geobacter sulfurredu...
3.3 Mbp        0.8%  100.0%      19.3    GCA_003513425.1 Desulfovibrio sp., A...
3.2 Mbp        0.6%   98.8%      13.8    GCF_000008565.1 Deinococcus radiodur...
3.0 Mbp        1.3%  100.0%      32.7    GCF_000015125.1 Chlorobium phaeobact...
3.0 Mbp        1.4%  100.0%      34.9    GCF_900184165.1 Caldicellulosiruptor...
2.9 Mbp        1.7%  100.0%      44.3    GCF_000008185.1 Treponema denticola ...
2.9 Mbp        1.4%   99.7%      35.1    GCF_000020465.1 Chlorobium limicola ...
2.9 Mbp        1.1%   99.3%      27.5    GCF_000020645.1 Pelodictyon phaeocla...
2.8 Mbp        2.6%  100.0%      70.2    GCF_000011205.1 Sulfurisphaera tokod...
2.7 Mbp        0.9%  100.0%      24.7    GCF_018140615.1 Akkermansia muciniph...
2.7 Mbp        1.2%   99.3%      32.4    GCF_902373865.1 Desulfovibrio piger,...
2.8 Mbp        1.1%   93.8%      32.6    GCF_000016545.1 Caldicellulosiruptor...
2.5 Mbp        0.9%  100.0%      26.4    GCA_003514505.1 Proteiniclasticum sp...
2.5 Mbp        2.8%   99.6%      84.8    GCF_000009145.1 Nitrosomonas europae...
5.1 Mbp        0.3%   46.9%       8.1    GCF_000017325.1 Shewanella baltica O...
2.4 Mbp        0.9%  100.0%      28.4    GCF_000172575.2 Enterococcus faecali...
2.3 Mbp        1.1%   99.6%      35.9    GCA_003450455.1 Thermus sp., ASM3450...
2.2 Mbp        1.1%   99.5%      36.6    GCA_003510485.1 Chlorobaculum sp., A...
2.2 Mbp        0.4%   99.5%      14.2    GCF_002417615.1 Fusobacterium nuclea...
2.1 Mbp        2.4%  100.0%      84.6    GCF_000008665.1 Archaeoglobus fulgid...
2.1 Mbp        0.7%  100.0%      26.4    GCF_001314265.1 Porphyromonas gingiv...
2.1 Mbp        0.9%  100.0%      31.4    GCF_000196135.1 Wolinella succinogen...
2.1 Mbp        1.7%  100.0%      63.0    GCF_000007225.1 Pyrobaculum aerophil...
2.1 Mbp        1.1%  100.0%      38.2    GCF_000016385.1 Pyrobaculum arsenati...
2.0 Mbp        0.2%   97.6%       8.6    GCF_001563365.1 Zymomonas mobilis st...
2.0 Mbp        2.8%  100.0%     105.6    GCF_000018945.1 Thermotoga neapolita...
2.0 Mbp        0.9%  100.0%      35.5    GCF_000021645.1 Dictyoglomus turgidu...
1.9 Mbp        0.6%  100.0%      22.1    GCF_000019085.1 Thermoanaerobacter p...
1.9 Mbp        1.4%  100.0%      53.7    GCF_000015805.1 Pyrobaculum calidifo...
1.9 Mbp        1.2%  100.0%      49.0    GCF_000021565.1 Persephonella marina...
1.9 Mbp        1.4%   99.5%      56.4    GCA_003517435.1 Chlorobium sp., ASM3...
3.5 Mbp        1.4%   53.9%      57.8    GCF_000152605.1 Sulfitobacter sp. EE...
1.8 Mbp        1.5%  100.0%      60.0    GCF_008245085.1 Pyrococcus furiosus ...
1.8 Mbp        1.0%  100.0%      42.6    GCF_000007185.1 Methanopyrus kandler...
1.8 Mbp        0.5%   99.5%      22.4    GCF_000173615.1 Sulfurihydrogenibium...
1.9 Mbp        3.4%   93.5%     148.0    GCF_000016785.1 Thermotoga petrophil...
1.6 Mbp        2.1%  100.0%      93.8    GCF_000011105.1 Pyrococcus horikoshi...
1.6 Mbp        0.8%  100.0%      36.8    GCF_000016125.1 Methanococcus maripa...
1.6 Mbp        0.9%  100.0%      44.8    GCF_000091665.1 Methanocaldococcus j...
1.5 Mbp        1.3%  100.0%      65.3    GCA_003543175.1 Hydrogenobaculum sp....
1.6 Mbp        0.6%   95.5%      30.0    GCF_000011585.1 Methanococcus maripa...
1.4 Mbp        1.0%  100.0%      55.3    GCF_000025665.1 Aciduliprofundum boo...
1.3 Mbp        0.3%  100.0%      16.1    GCA_013329705.1 Desulfurococcaceae a...
1.6 Mbp        0.6%   72.1%      38.2    GCA_003510745.1 Sulfurihydrogenibium...
1.8 Mbp        1.4%   37.2%     158.6    GCF_000019625.1 Thermotoga sp. RQ2 s...
0.6 Mbp        0.0%   27.2%       1.9    GCF_024295565.1 Streptococcus sp. CF...
400.0 kbp      1.2%  100.0%     216.9    GCA_000008085.1 Nanoarchaeum equitan...
2.9 Mbp        0.1%   10.1%      10.9    GCF_000015485.1 Desulfovibrio vulgar...
4.5 Mbp        0.1%    5.9%      14.9    GCF_000375005.1 Salinispora arenicol...
250.0 kbp      0.0%    7.1%       1.4    GCF_000019485.1 Synechococcus sp. PC...
0.5 Mbp        0.0%    9.2%       1.9    GCF_001069785.1 Streptococcus parasa...
150.0 kbp      0.0%    6.7%       1.3    GCF_902858945.1 Streptococcus saliva...
130.0 kbp      0.8%    2.5%     444.1    GCF_000766965.1 Escherichia coli NCT...
4.5 Mbp        0.0%    2.4%      13.8    GCF_023845025.1 Salinispora arenicol...
0.8 Mbp        0.0%    4.0%      25.8    GCF_900115135.1 Proteiniclasticum ru...
110.0 kbp      0.0%    4.1%       1.1    GCA_020254035.1 Cutibacterium sp., A...
100.0 kbp      0.0%    2.2%       1.0    GCF_002799245.1 Stenotrophomonas mal...
3.7 Mbp        0.0%    1.1%       1.1    GCF_000330745.1 Rhodopirellula balti...
80.0 kbp       0.0%    2.0%       1.4    GCA_000255595.2 Microbacterium laeva...
0.5 Mbp        0.0%    3.5%       1.7    GCF_000187505.1 Streptococcus parasa...
60.0 kbp       0.0%    3.9%       1.0    GCA_003534055.1 Aquificaceae bacteri...
4.5 Mbp        0.0%    0.9%      10.8    GCA_011765705.1 Salinispora arenicol...
0.6 Mbp        0.0%    2.9%       1.7    GCF_001073735.1 Streptococcus parasa...
80.0 kbp       0.0%    2.2%       1.6    GCF_000007085.1 Caldanaerobacter sub...
50.0 kbp       0.0%    1.2%       1.0    GCF_000371765.1 Sphingomonas melonis...
2.1 Mbp        0.0%    1.4%       1.0    GCF_000735125.2 Sulfitobacter sp. CB...

found 85 matches total;
the recovered matches hit 96.0% of the abundance-weighted query.
the recovered matches hit 47.9% of the query k-mers (unweighted).

